<?xml version="1.0" encoding="UTF-8"?>
<testsuite xmlns:xsi="http://www.w3.org/2001/XMLSchema-instance" xsi:noNamespaceSchemaLocation="https://maven.apache.org/surefire/maven-surefire-plugin/xsd/surefire-test-report.xsd" name="cucumberption.TestRunner" time="0.004" tests="1" errors="1" skipped="0" failures="0">
  <properties>
    <property name="sun.desktop" value="windows"/>
    <property name="awt.toolkit" value="sun.awt.windows.WToolkit"/>
    <property name="file.encoding.pkg" value="sun.io"/>
    <property name="java.specification.version" value="1.8"/>
    <property name="sun.cpu.isalist" value="amd64"/>
    <property name="sun.jnu.encoding" value="Cp1252"/>
    <property name="java.class.path" value="C:\Swetha\work\AUTOMATION\target\test-classes;C:\Swetha\work\AUTOMATION\target\classes;C:\Users\Softvision.BCP\.m2\repository\junit\junit\4.11\junit-4.11.jar;C:\Users\Softvision.BCP\.m2\repository\org\hamcrest\hamcrest-core\1.3\hamcrest-core-1.3.jar;C:\Users\Softvision.BCP\.m2\repository\info\cukes\cucumber-java\1.1.3\cucumber-java-1.1.3.jar;C:\Users\Softvision.BCP\.m2\repository\info\cukes\cucumber-core\1.1.3\cucumber-core-1.1.3.jar;C:\Users\Softvision.BCP\.m2\repository\io\cucumber\cucumber-junit\6.0.0-RC2\cucumber-junit-6.0.0-RC2.jar;C:\Users\Softvision.BCP\.m2\repository\org\apiguardian\apiguardian-api\1.1.0\apiguardian-api-1.1.0.jar;C:\Users\Softvision.BCP\.m2\repository\io\cucumber\cucumber-core\6.0.0-RC2\cucumber-core-6.0.0-RC2.jar;C:\Users\Softvision.BCP\.m2\repository\io\cucumber\cucumber-gherkin\6.0.0-RC2\cucumber-gherkin-6.0.0-RC2.jar;C:\Users\Softvision.BCP\.m2\repository\io\cucumber\cucumber-gherkin-messages\6.0.0-RC2\cucumber-gherkin-messages-6.0.0-RC2.jar;C:\Users\Softvision.BCP\.m2\repository\io\cucumber\messages\12.1.1\messages-12.1.1.jar;C:\Users\Softvision.BCP\.m2\repository\io\cucumber\tag-expressions\2.0.4\tag-expressions-2.0.4.jar;C:\Users\Softvision.BCP\.m2\repository\io\cucumber\cucumber-expressions\10.1.0\cucumber-expressions-10.1.0.jar;C:\Users\Softvision.BCP\.m2\repository\io\cucumber\datatable\3.3.1\datatable-3.3.1.jar;C:\Users\Softvision.BCP\.m2\repository\io\cucumber\cucumber-plugin\6.0.0-RC2\cucumber-plugin-6.0.0-RC2.jar;C:\Users\Softvision.BCP\.m2\repository\io\cucumber\docstring\6.0.0-RC2\docstring-6.0.0-RC2.jar;C:\Users\Softvision.BCP\.m2\repository\io\cucumber\html-formatter\6.0.2\html-formatter-6.0.2.jar;"/>
    <property name="java.vm.vendor" value="Oracle Corporation"/>
    <property name="sun.arch.data.model" value="64"/>
    <property name="user.variant" value=""/>
    <property name="java.vendor.url" value="http://java.oracle.com/"/>
    <property name="user.timezone" value="Asia/Calcutta"/>
    <property name="java.vm.specification.version" value="1.8"/>
    <property name="os.name" value="Windows 10"/>
    <property name="user.country" value="US"/>
    <property name="sun.java.launcher" value="SUN_STANDARD"/>
    <property name="sun.boot.library.path" value="C:\Program Files\Java\jre1.8.0_251\bin"/>
    <property name="sun.java.command" value="C:\Users\SOFTVI~1.BCP\AppData\Local\Temp\surefire5306368042080443437\surefirebooter6607886790664119161.jar C:\Users\Softvision.BCP\AppData\Local\Temp\surefire5306368042080443437 2020-05-15T16-50-13_601-jvmRun1 surefire6482564358259288635tmp surefire_03107642356997254537tmp"/>
    <property name="surefire.test.class.path" value="C:\Swetha\work\AUTOMATION\target\test-classes;C:\Swetha\work\AUTOMATION\target\classes;C:\Users\Softvision.BCP\.m2\repository\junit\junit\4.11\junit-4.11.jar;C:\Users\Softvision.BCP\.m2\repository\org\hamcrest\hamcrest-core\1.3\hamcrest-core-1.3.jar;C:\Users\Softvision.BCP\.m2\repository\info\cukes\cucumber-java\1.1.3\cucumber-java-1.1.3.jar;C:\Users\Softvision.BCP\.m2\repository\info\cukes\cucumber-core\1.1.3\cucumber-core-1.1.3.jar;C:\Users\Softvision.BCP\.m2\repository\io\cucumber\cucumber-junit\6.0.0-RC2\cucumber-junit-6.0.0-RC2.jar;C:\Users\Softvision.BCP\.m2\repository\org\apiguardian\apiguardian-api\1.1.0\apiguardian-api-1.1.0.jar;C:\Users\Softvision.BCP\.m2\repository\io\cucumber\cucumber-core\6.0.0-RC2\cucumber-core-6.0.0-RC2.jar;C:\Users\Softvision.BCP\.m2\repository\io\cucumber\cucumber-gherkin\6.0.0-RC2\cucumber-gherkin-6.0.0-RC2.jar;C:\Users\Softvision.BCP\.m2\repository\io\cucumber\cucumber-gherkin-messages\6.0.0-RC2\cucumber-gherkin-messages-6.0.0-RC2.jar;C:\Users\Softvision.BCP\.m2\repository\io\cucumber\messages\12.1.1\messages-12.1.1.jar;C:\Users\Softvision.BCP\.m2\repository\io\cucumber\tag-expressions\2.0.4\tag-expressions-2.0.4.jar;C:\Users\Softvision.BCP\.m2\repository\io\cucumber\cucumber-expressions\10.1.0\cucumber-expressions-10.1.0.jar;C:\Users\Softvision.BCP\.m2\repository\io\cucumber\datatable\3.3.1\datatable-3.3.1.jar;C:\Users\Softvision.BCP\.m2\repository\io\cucumber\cucumber-plugin\6.0.0-RC2\cucumber-plugin-6.0.0-RC2.jar;C:\Users\Softvision.BCP\.m2\repository\io\cucumber\docstring\6.0.0-RC2\docstring-6.0.0-RC2.jar;C:\Users\Softvision.BCP\.m2\repository\io\cucumber\html-formatter\6.0.2\html-formatter-6.0.2.jar;"/>
    <property name="sun.cpu.endian" value="little"/>
    <property name="user.home" value="C:\Users\Softvision.BCP"/>
    <property name="user.language" value="en"/>
    <property name="java.specification.vendor" value="Oracle Corporation"/>
    <property name="java.home" value="C:\Program Files\Java\jre1.8.0_251"/>
    <property name="basedir" value="C:\Swetha\work\AUTOMATION"/>
    <property name="file.separator" value="\"/>
    <property name="line.separator" value="&#10;"/>
    <property name="java.vm.specification.vendor" value="Oracle Corporation"/>
    <property name="java.specification.name" value="Java Platform API Specification"/>
    <property name="java.awt.graphicsenv" value="sun.awt.Win32GraphicsEnvironment"/>
    <property name="surefire.real.class.path" value="C:\Users\SOFTVI~1.BCP\AppData\Local\Temp\surefire5306368042080443437\surefirebooter6607886790664119161.jar"/>
    <property name="sun.boot.class.path" value="C:\Program Files\Java\jre1.8.0_251\lib\resources.jar;C:\Program Files\Java\jre1.8.0_251\lib\rt.jar;C:\Program Files\Java\jre1.8.0_251\lib\sunrsasign.jar;C:\Program Files\Java\jre1.8.0_251\lib\jsse.jar;C:\Program Files\Java\jre1.8.0_251\lib\jce.jar;C:\Program Files\Java\jre1.8.0_251\lib\charsets.jar;C:\Program Files\Java\jre1.8.0_251\lib\jfr.jar;C:\Program Files\Java\jre1.8.0_251\classes"/>
    <property name="user.script" value=""/>
    <property name="sun.management.compiler" value="HotSpot 64-Bit Tiered Compilers"/>
    <property name="java.runtime.version" value="1.8.0_251-b08"/>
    <property name="user.name" value="Softvision.BCP"/>
    <property name="path.separator" value=";"/>
    <property name="os.version" value="10.0"/>
    <property name="java.endorsed.dirs" value="C:\Program Files\Java\jre1.8.0_251\lib\endorsed"/>
    <property name="java.runtime.name" value="Java(TM) SE Runtime Environment"/>
    <property name="file.encoding" value="Cp1252"/>
    <property name="java.vm.name" value="Java HotSpot(TM) 64-Bit Server VM"/>
    <property name="localRepository" value="C:\Users\Softvision.BCP\.m2\repository"/>
    <property name="java.vendor.url.bug" value="http://bugreport.sun.com/bugreport/"/>
    <property name="java.io.tmpdir" value="C:\Users\SOFTVI~1.BCP\AppData\Local\Temp\"/>
    <property name="java.version" value="1.8.0_251"/>
    <property name="user.dir" value="C:\Swetha\work\AUTOMATION"/>
    <property name="os.arch" value="amd64"/>
    <property name="java.vm.specification.name" value="Java Virtual Machine Specification"/>
    <property name="java.awt.printerjob" value="sun.awt.windows.WPrinterJob"/>
    <property name="sun.os.patch.level" value=""/>
    <property name="java.library.path" value="C:\Program Files\Java\jre1.8.0_251\bin;C:\WINDOWS\Sun\Java\bin;C:\WINDOWS\system32;C:\WINDOWS;C:/Program Files/Java/jre1.8.0_251/bin/server;C:/Program Files/Java/jre1.8.0_251/bin;C:/Program Files/Java/jre1.8.0_251/lib/amd64;C:\Program Files (x86)\Common Files\Oracle\Java\javapath;C:\WINDOWS\system32;C:\WINDOWS;C:\WINDOWS\System32\Wbem;C:\WINDOWS\System32\WindowsPowerShell\v1.0\;C:\WINDOWS\System32\OpenSSH\;C:\Program Files\Java\jdk1.8.0_251\bin;C:\Users\Softvision.BCP\AppData\Local\Android\Sdk\tools;C:\Program Files\Android\Android Studio\bin;C:\Users\Softvision.BCP\AppData\Local\Android\Sdk\tools\bin;C:\Program Files\nodejs\;C:\Program Files\nodejs\node_modules\npm\bin;C:\Users\Softvision.BCP\apache-maven-3.6.3\bin;C:\Program Files\Git\cmd;C:\Users\Softvision.BCP\AppData\Local\Programs\Python\Python38-32\Scripts\;C:\Users\Softvision.BCP\AppData\Local\Programs\Python\Python38-32\;C:\Users\Softvision.BCP\AppData\Local\Microsoft\WindowsApps;C:\Users\Softvision.BCP\AppData\Local\GitHubDesktop\bin;C:\Users\Softvision.BCP\AppData\Roaming\npm;C:\WINDOWS\system32;;."/>
    <property name="java.vm.info" value="mixed mode"/>
    <property name="java.vendor" value="Oracle Corporation"/>
    <property name="java.vm.version" value="25.251-b08"/>
    <property name="java.ext.dirs" value="C:\Program Files\Java\jre1.8.0_251\lib\ext;C:\WINDOWS\Sun\Java\lib\ext"/>
    <property name="sun.io.unicode.encoding" value="UnicodeLittle"/>
    <property name="java.class.version" value="52.0"/>
  </properties>
  <testcase name="initializationError" classname="cucumberption.TestRunner" time="0.002">
    <error message="Type Cucumber not present" type="java.lang.TypeNotPresentException">java.lang.TypeNotPresentException: Type Cucumber not present
Caused by: java.lang.ClassNotFoundException: Cucumber
</error>
  </testcase>
</testsuite>